<?xml version="1.0" encoding="UTF-8"?>
<testng-results skipped="0" failed="1" total="6" passed="5">
  <reporter-output>
  </reporter-output>
  <suite name="AutoDesk Reverse Sentence Test Suite" duration-ms="120" started-at="2019-12-23T05:34:04Z" finished-at="2019-12-23T05:34:04Z">
    <groups>
    </groups>
    <test name="ReverseString" duration-ms="120" started-at="2019-12-23T05:34:04Z" finished-at="2019-12-23T05:34:04Z">
      <class name="reverseSentenceTest.TestReverseSentence">
        <test-method status="PASS" signature="TC01ValidateReversingValidSentence()[pri:0, instance:reverseSentenceTest.TestReverseSentence@97e1986]" name="TC01ValidateReversingValidSentence" duration-ms="53" started-at="2019-12-23T11:04:04Z" finished-at="2019-12-23T11:04:04Z">
          <reporter-output>
          </reporter-output>
        </test-method> <!-- TC01ValidateReversingValidSentence -->
        <test-method status="PASS" signature="TC02ValidateEmptySentences()[pri:0, instance:reverseSentenceTest.TestReverseSentence@97e1986]" name="TC02ValidateEmptySentences" duration-ms="16" started-at="2019-12-23T11:04:04Z" finished-at="2019-12-23T11:04:04Z">
          <reporter-output>
          </reporter-output>
        </test-method> <!-- TC02ValidateEmptySentences -->
        <test-method status="PASS" signature="TC03ValidateOnlySpecialCharacters()[pri:0, instance:reverseSentenceTest.TestReverseSentence@97e1986]" name="TC03ValidateOnlySpecialCharacters" duration-ms="1" started-at="2019-12-23T11:04:04Z" finished-at="2019-12-23T11:04:04Z">
          <reporter-output>
          </reporter-output>
        </test-method> <!-- TC03ValidateOnlySpecialCharacters -->
        <test-method status="PASS" signature="TC04ValidateDigits()[pri:0, instance:reverseSentenceTest.TestReverseSentence@97e1986]" name="TC04ValidateDigits" duration-ms="1" started-at="2019-12-23T11:04:04Z" finished-at="2019-12-23T11:04:04Z">
          <reporter-output>
          </reporter-output>
        </test-method> <!-- TC04ValidateDigits -->
        <test-method status="PASS" signature="TC05ValidateCombination()[pri:0, instance:reverseSentenceTest.TestReverseSentence@97e1986]" name="TC05ValidateCombination" duration-ms="1" started-at="2019-12-23T11:04:04Z" finished-at="2019-12-23T11:04:04Z">
          <reporter-output>
          </reporter-output>
        </test-method> <!-- TC05ValidateCombination -->
        <test-method status="FAIL" signature="TC06ValidatePalindromes()[pri:0, instance:reverseSentenceTest.TestReverseSentence@97e1986]" name="TC06ValidatePalindromes" duration-ms="1" started-at="2019-12-23T11:04:04Z" finished-at="2019-12-23T11:04:04Z">
          <exception class="java.lang.AssertionError">
            <message>
              <![CDATA[String revarsal failed; palindrome test 4 expected [true] but found [false]]]>
            </message>
            <full-stacktrace>
              <![CDATA[java.lang.AssertionError: String revarsal failed; palindrome test 4 expected [true] but found [false]
	at org.testng.Assert.fail(Assert.java:94)
	at org.testng.Assert.failNotEquals(Assert.java:494)
	at org.testng.Assert.assertTrue(Assert.java:42)
	at reverseSentenceTest.TestReverseSentence.TC06ValidatePalindromes(TestReverseSentence.java:58)
	at sun.reflect.NativeMethodAccessorImpl.invoke0(Native Method)
	at sun.reflect.NativeMethodAccessorImpl.invoke(NativeMethodAccessorImpl.java:62)
	at sun.reflect.DelegatingMethodAccessorImpl.invoke(DelegatingMethodAccessorImpl.java:43)
	at java.lang.reflect.Method.invoke(Method.java:498)
	at org.testng.internal.MethodInvocationHelper.invokeMethod(MethodInvocationHelper.java:84)
	at org.testng.internal.Invoker.invokeMethod(Invoker.java:714)
	at org.testng.internal.Invoker.invokeTestMethod(Invoker.java:901)
	at org.testng.internal.Invoker.invokeTestMethods(Invoker.java:1231)
	at org.testng.internal.TestMethodWorker.invokeTestMethods(TestMethodWorker.java:127)
	at org.testng.internal.TestMethodWorker.run(TestMethodWorker.java:111)
	at org.testng.TestRunner.privateRun(TestRunner.java:767)
	at org.testng.TestRunner.run(TestRunner.java:617)
	at org.testng.SuiteRunner.runTest(SuiteRunner.java:348)
	at org.testng.SuiteRunner.access$000(SuiteRunner.java:38)
	at org.testng.SuiteRunner$SuiteWorker.run(SuiteRunner.java:382)
	at org.testng.internal.thread.ThreadUtil$2.call(ThreadUtil.java:64)
	at java.util.concurrent.FutureTask.run(FutureTask.java:266)
	at java.util.concurrent.ThreadPoolExecutor.runWorker(ThreadPoolExecutor.java:1142)
	at java.util.concurrent.ThreadPoolExecutor$Worker.run(ThreadPoolExecutor.java:617)
	at java.lang.Thread.run(Thread.java:748)
]]>
            </full-stacktrace>
          </exception> <!-- java.lang.AssertionError -->
          <reporter-output>
          </reporter-output>
        </test-method> <!-- TC06ValidatePalindromes -->
      </class> <!-- reverseSentenceTest.TestReverseSentence -->
    </test> <!-- ReverseString -->
  </suite> <!-- AutoDesk Reverse Sentence Test Suite -->
</testng-results>
