<?xml version="1.0" encoding="UTF-8"?>
<!-- Generated by org.testng.reporters.JUnitXMLReporter -->
<testsuite hostname="HDC-ITADM3152" name="ReverseString" tests="6" failures="1" timestamp="23 Dec 2019 05:34:04 GMT" time="0.12" errors="0">
  <testcase name="TC01ValidateReversingValidSentence" time="0.053" classname="reverseSentenceTest.TestReverseSentence"/>
  <testcase name="TC02ValidateEmptySentences" time="0.016" classname="reverseSentenceTest.TestReverseSentence"/>
  <testcase name="TC03ValidateOnlySpecialCharacters" time="0.001" classname="reverseSentenceTest.TestReverseSentence"/>
  <testcase name="TC04ValidateDigits" time="0.001" classname="reverseSentenceTest.TestReverseSentence"/>
  <testcase name="TC05ValidateCombination" time="0.001" classname="reverseSentenceTest.TestReverseSentence"/>
  <testcase name="TC06ValidatePalindromes" time="0.001" classname="reverseSentenceTest.TestReverseSentence">
    <failure type="java.lang.AssertionError" message="String revarsal failed; palindrome test 4 expected [true] but found [false]">
      <![CDATA[java.lang.AssertionError: String revarsal failed; palindrome test 4 expected [true] but found [false]
	at reverseSentenceTest.TestReverseSentence.TC06ValidatePalindromes(TestReverseSentence.java:58)
	at java.util.concurrent.FutureTask.run(FutureTask.java:266)
	at java.util.concurrent.ThreadPoolExecutor.runWorker(ThreadPoolExecutor.java:1142)
	at java.util.concurrent.ThreadPoolExecutor$Worker.run(ThreadPoolExecutor.java:617)
	at java.lang.Thread.run(Thread.java:748)
... Removed 19 stack frames]]>
    </failure>
  </testcase> <!-- TC06ValidatePalindromes -->
</testsuite> <!-- ReverseString -->
